<?xml version="1.0" encoding="UTF-8"?>
<coverage generated="1761710122447" clover="3.2.0">
  <project timestamp="1761710122447" name="All files">
    <metrics statements="103" coveredstatements="90" conditionals="37" coveredconditionals="29" methods="29" coveredmethods="25" elements="169" coveredelements="144" complexity="0" loc="103" ncloc="103" packages="9" files="12" classes="12"/>
    <package name="components">
      <metrics statements="12" coveredstatements="10" conditionals="2" coveredconditionals="2" methods="3" coveredmethods="2"/>
      <file name="OngLayout.tsx" path="/home/vinicius/Downloads/estudo/projetos-testes/fullstack-junior-ia/web-ong/src/components/OngLayout.tsx">
        <metrics statements="7" coveredstatements="5" conditionals="0" coveredconditionals="0" methods="2" coveredmethods="1"/>
        <line num="6" count="2" type="stmt"/>
        <line num="7" count="2" type="stmt"/>
        <line num="8" count="2" type="stmt"/>
        <line num="10" count="2" type="stmt"/>
        <line num="11" count="0" type="stmt"/>
        <line num="12" count="0" type="stmt"/>
        <line num="15" count="2" type="stmt"/>
      </file>
      <file name="ProtectedRoute.tsx" path="/home/vinicius/Downloads/estudo/projetos-testes/fullstack-junior-ia/web-ong/src/components/ProtectedRoute.tsx">
        <metrics statements="5" coveredstatements="5" conditionals="2" coveredconditionals="2" methods="1" coveredmethods="1"/>
        <line num="9" count="2" type="stmt"/>
        <line num="10" count="3" type="stmt"/>
        <line num="12" count="3" type="cond" truecount="2" falsecount="0"/>
        <line num="13" count="1" type="stmt"/>
        <line num="16" count="2" type="stmt"/>
      </file>
    </package>
    <package name="components.Button">
      <metrics statements="6" coveredstatements="6" conditionals="6" coveredconditionals="6" methods="1" coveredmethods="1"/>
      <file name="index.css" path="/home/vinicius/Downloads/estudo/projetos-testes/fullstack-junior-ia/web-ong/src/components/Button/index.css">
        <metrics statements="0" coveredstatements="0" conditionals="0" coveredconditionals="0" methods="0" coveredmethods="0"/>
      </file>
      <file name="index.tsx" path="/home/vinicius/Downloads/estudo/projetos-testes/fullstack-junior-ia/web-ong/src/components/Button/index.tsx">
        <metrics statements="6" coveredstatements="6" conditionals="6" coveredconditionals="6" methods="1" coveredmethods="1"/>
        <line num="14" count="3" type="stmt"/>
        <line num="23" count="110" type="stmt"/>
        <line num="24" count="110" type="stmt"/>
        <line num="25" count="110" type="cond" truecount="2" falsecount="0"/>
        <line num="26" count="110" type="stmt"/>
        <line num="28" count="110" type="stmt"/>
      </file>
    </package>
    <package name="components.Card">
      <metrics statements="14" coveredstatements="13" conditionals="5" coveredconditionals="4" methods="5" coveredmethods="4"/>
      <file name="index.tsx" path="/home/vinicius/Downloads/estudo/projetos-testes/fullstack-junior-ia/web-ong/src/components/Card/index.tsx">
        <metrics statements="14" coveredstatements="13" conditionals="5" coveredconditionals="4" methods="5" coveredmethods="4"/>
        <line num="33" count="2" type="cond" truecount="1" falsecount="0"/>
        <line num="34" count="50" type="stmt"/>
        <line num="41" count="2" type="cond" truecount="1" falsecount="0"/>
        <line num="42" count="50" type="stmt"/>
        <line num="49" count="2" type="cond" truecount="1" falsecount="0"/>
        <line num="50" count="50" type="stmt"/>
        <line num="57" count="2" type="cond" truecount="1" falsecount="0"/>
        <line num="58" count="50" type="stmt"/>
        <line num="65" count="2" type="cond" truecount="0" falsecount="1"/>
        <line num="66" count="0" type="stmt"/>
        <line num="73" count="2" type="stmt"/>
        <line num="74" count="2" type="stmt"/>
        <line num="75" count="2" type="stmt"/>
        <line num="76" count="2" type="stmt"/>
      </file>
    </package>
    <package name="components.Header">
      <metrics statements="2" coveredstatements="2" conditionals="7" coveredconditionals="6" methods="1" coveredmethods="1"/>
      <file name="index.scss" path="/home/vinicius/Downloads/estudo/projetos-testes/fullstack-junior-ia/web-ong/src/components/Header/index.scss">
        <metrics statements="0" coveredstatements="0" conditionals="0" coveredconditionals="0" methods="0" coveredmethods="0"/>
      </file>
      <file name="index.tsx" path="/home/vinicius/Downloads/estudo/projetos-testes/fullstack-junior-ia/web-ong/src/components/Header/index.tsx">
        <metrics statements="2" coveredstatements="2" conditionals="7" coveredconditionals="6" methods="1" coveredmethods="1"/>
        <line num="15" count="2" type="stmt"/>
        <line num="23" count="52" type="stmt"/>
      </file>
    </package>
    <package name="contexts">
      <metrics statements="16" coveredstatements="15" conditionals="2" coveredconditionals="1" methods="4" coveredmethods="4"/>
      <file name="AuthContext.tsx" path="/home/vinicius/Downloads/estudo/projetos-testes/fullstack-junior-ia/web-ong/src/contexts/AuthContext.tsx">
        <metrics statements="16" coveredstatements="15" conditionals="2" coveredconditionals="1" methods="4" coveredmethods="4"/>
        <line num="18" count="3" type="stmt"/>
        <line num="21" count="3" type="stmt"/>
        <line num="22" count="58" type="stmt"/>
        <line num="23" count="58" type="cond" truecount="1" falsecount="1"/>
        <line num="24" count="0" type="stmt"/>
        <line num="26" count="58" type="stmt"/>
        <line num="33" count="3" type="stmt"/>
        <line num="35" count="8" type="stmt"/>
        <line num="36" count="8" type="stmt"/>
        <line num="38" count="8" type="stmt"/>
        <line num="39" count="2" type="stmt"/>
        <line num="40" count="2" type="stmt"/>
        <line num="43" count="8" type="stmt"/>
        <line num="44" count="1" type="stmt"/>
        <line num="45" count="1" type="stmt"/>
        <line num="48" count="8" type="stmt"/>
      </file>
    </package>
    <package name="hooks">
      <metrics statements="27" coveredstatements="19" conditionals="8" coveredconditionals="3" methods="7" coveredmethods="6"/>
      <file name="useLocalStorage.ts" path="/home/vinicius/Downloads/estudo/projetos-testes/fullstack-junior-ia/web-ong/src/hooks/useLocalStorage.ts">
        <metrics statements="27" coveredstatements="19" conditionals="8" coveredconditionals="3" methods="7" coveredmethods="6"/>
        <line num="5" count="3" type="stmt"/>
        <line num="7" count="16" type="stmt"/>
        <line num="8" count="10" type="stmt"/>
        <line num="9" count="10" type="stmt"/>
        <line num="10" count="10" type="cond" truecount="2" falsecount="0"/>
        <line num="12" count="0" type="stmt"/>
        <line num="13" count="0" type="stmt"/>
        <line num="18" count="16" type="stmt"/>
        <line num="19" count="4" type="stmt"/>
        <line num="21" count="4" type="cond" truecount="1" falsecount="1"/>
        <line num="22" count="4" type="stmt"/>
        <line num="23" count="4" type="stmt"/>
        <line num="25" count="0" type="stmt"/>
        <line num="30" count="16" type="stmt"/>
        <line num="31" count="2" type="stmt"/>
        <line num="32" count="2" type="stmt"/>
        <line num="33" count="2" type="stmt"/>
        <line num="35" count="0" type="stmt"/>
        <line num="40" count="16" type="stmt"/>
        <line num="41" count="10" type="stmt"/>
        <line num="42" count="0" type="cond" truecount="0" falsecount="4"/>
        <line num="43" count="0" type="stmt"/>
        <line num="44" count="0" type="stmt"/>
        <line num="46" count="0" type="stmt"/>
        <line num="51" count="10" type="stmt"/>
        <line num="52" count="10" type="stmt"/>
        <line num="55" count="16" type="stmt"/>
      </file>
    </package>
    <package name="pages">
      <metrics statements="2" coveredstatements="2" conditionals="0" coveredconditionals="0" methods="1" coveredmethods="1"/>
      <file name="OngDashboard.tsx" path="/home/vinicius/Downloads/estudo/projetos-testes/fullstack-junior-ia/web-ong/src/pages/OngDashboard.tsx">
        <metrics statements="2" coveredstatements="2" conditionals="0" coveredconditionals="0" methods="1" coveredmethods="1"/>
        <line num="3" count="2" type="stmt"/>
        <line num="4" count="2" type="stmt"/>
      </file>
    </package>
    <package name="pages.Login">
      <metrics statements="18" coveredstatements="17" conditionals="2" coveredconditionals="2" methods="5" coveredmethods="4"/>
      <file name="index.tsx" path="/home/vinicius/Downloads/estudo/projetos-testes/fullstack-junior-ia/web-ong/src/pages/Login/index.tsx">
        <metrics statements="18" coveredstatements="17" conditionals="2" coveredconditionals="2" methods="5" coveredmethods="4"/>
        <line num="9" count="2" type="stmt"/>
        <line num="10" count="50" type="stmt"/>
        <line num="11" count="50" type="stmt"/>
        <line num="12" count="50" type="stmt"/>
        <line num="13" count="50" type="stmt"/>
        <line num="14" count="50" type="stmt"/>
        <line num="16" count="50" type="stmt"/>
        <line num="17" count="2" type="stmt"/>
        <line num="18" count="2" type="stmt"/>
        <line num="19" count="2" type="stmt"/>
        <line num="20" count="1" type="stmt"/>
        <line num="21" count="1" type="stmt"/>
        <line num="22" count="1" type="stmt"/>
        <line num="24" count="1" type="stmt"/>
        <line num="28" count="50" type="stmt"/>
        <line num="47" count="34" type="stmt"/>
        <line num="58" count="11" type="stmt"/>
        <line num="67" count="0" type="stmt"/>
      </file>
    </package>
    <package name="test">
      <metrics statements="6" coveredstatements="6" conditionals="5" coveredconditionals="5" methods="2" coveredmethods="2"/>
      <file name="utils.tsx" path="/home/vinicius/Downloads/estudo/projetos-testes/fullstack-junior-ia/web-ong/src/test/utils.tsx">
        <metrics statements="6" coveredstatements="6" conditionals="5" coveredconditionals="5" methods="2" coveredmethods="2"/>
        <line num="18" count="4" type="cond" truecount="2" falsecount="0"/>
        <line num="20" count="1" type="stmt"/>
        <line num="21" count="1" type="stmt"/>
        <line num="24" count="4" type="stmt"/>
        <line num="25" count="4" type="stmt"/>
        <line num="29" count="4" type="stmt"/>
      </file>
    </package>
  </project>
</coverage>
