{"/home/vinicius/Downloads/estudo/projetos-testes/fullstack-junior-ia/web-ong/src/components/OngLayout.tsx": {"path":"/home/vinicius/Downloads/estudo/projetos-testes/fullstack-junior-ia/web-ong/src/components/OngLayout.tsx","statementMap":{"0":{"start":{"line":6,"column":28},"end":{"line":29,"column":null}},"1":{"start":{"line":7,"column":23},"end":{"line":7,"column":null}},"2":{"start":{"line":8,"column":8},"end":{"line":8,"column":null}},"3":{"start":{"line":10,"column":23},"end":{"line":13,"column":null}},"4":{"start":{"line":11,"column":4},"end":{"line":11,"column":null}},"5":{"start":{"line":12,"column":4},"end":{"line":12,"column":null}},"6":{"start":{"line":15,"column":2},"end":{"line":27,"column":null}}},"fnMap":{"0":{"name":"(anonymous_0)","decl":{"start":{"line":6,"column":28},"end":{"line":6,"column":34}},"loc":{"start":{"line":6,"column":34},"end":{"line":29,"column":null}},"line":6},"1":{"name":"(anonymous_1)","decl":{"start":{"line":10,"column":23},"end":{"line":10,"column":29}},"loc":{"start":{"line":10,"column":29},"end":{"line":13,"column":null}},"line":10}},"branchMap":{},"s":{"0":2,"1":2,"2":2,"3":2,"4":0,"5":0,"6":2},"f":{"0":2,"1":0},"b":{},"meta":{"lastBranch":0,"lastFunction":2,"lastStatement":7,"seen":{"s:6:28:29:Infinity":0,"f:6:28:6:34":0,"s:7:23:7:Infinity":1,"s:8:8:8:Infinity":2,"s:10:23:13:Infinity":3,"f:10:23:10:29":1,"s:11:4:11:Infinity":4,"s:12:4:12:Infinity":5,"s:15:2:27:Infinity":6}}}
,"/home/vinicius/Downloads/estudo/projetos-testes/fullstack-junior-ia/web-ong/src/components/ProtectedRoute.tsx": {"path":"/home/vinicius/Downloads/estudo/projetos-testes/fullstack-junior-ia/web-ong/src/components/ProtectedRoute.tsx","statementMap":{"0":{"start":{"line":9,"column":54},"end":{"line":17,"column":null}},"1":{"start":{"line":10,"column":16},"end":{"line":10,"column":null}},"2":{"start":{"line":12,"column":2},"end":{"line":14,"column":null}},"3":{"start":{"line":13,"column":4},"end":{"line":13,"column":null}},"4":{"start":{"line":16,"column":2},"end":{"line":16,"column":null}}},"fnMap":{"0":{"name":"(anonymous_0)","decl":{"start":{"line":9,"column":54},"end":{"line":9,"column":55}},"loc":{"start":{"line":9,"column":72},"end":{"line":17,"column":null}},"line":9}},"branchMap":{"0":{"loc":{"start":{"line":12,"column":2},"end":{"line":14,"column":null}},"type":"if","locations":[{"start":{"line":12,"column":2},"end":{"line":14,"column":null}},{"start":{},"end":{}}],"line":12}},"s":{"0":2,"1":3,"2":3,"3":1,"4":2},"f":{"0":3},"b":{"0":[1,2]},"meta":{"lastBranch":1,"lastFunction":1,"lastStatement":5,"seen":{"s:9:54:17:Infinity":0,"f:9:54:9:55":0,"s:10:16:10:Infinity":1,"b:12:2:14:Infinity:undefined:undefined:undefined:undefined":0,"s:12:2:14:Infinity":2,"s:13:4:13:Infinity":3,"s:16:2:16:Infinity":4}}}
,"/home/vinicius/Downloads/estudo/projetos-testes/fullstack-junior-ia/web-ong/src/components/Button/index.css": {"path":"/home/vinicius/Downloads/estudo/projetos-testes/fullstack-junior-ia/web-ong/src/components/Button/index.css","statementMap":{},"fnMap":{},"branchMap":{},"s":{},"f":{},"b":{},"meta":{"lastBranch":0,"lastFunction":0,"lastStatement":0,"seen":{}}}
,"/home/vinicius/Downloads/estudo/projetos-testes/fullstack-junior-ia/web-ong/src/components/Button/index.tsx": {"path":"/home/vinicius/Downloads/estudo/projetos-testes/fullstack-junior-ia/web-ong/src/components/Button/index.tsx","statementMap":{"0":{"start":{"line":14,"column":38},"end":{"line":38,"column":null}},"1":{"start":{"line":23,"column":20},"end":{"line":23,"column":null}},"2":{"start":{"line":24,"column":23},"end":{"line":24,"column":null}},"3":{"start":{"line":25,"column":20},"end":{"line":25,"column":null}},"4":{"start":{"line":26,"column":18},"end":{"line":26,"column":null}},"5":{"start":{"line":28,"column":2},"end":{"line":36,"column":null}}},"fnMap":{"0":{"name":"(anonymous_0)","decl":{"start":{"line":14,"column":38},"end":{"line":14,"column":39}},"loc":{"start":{"line":22,"column":6},"end":{"line":38,"column":null}},"line":22}},"branchMap":{"0":{"loc":{"start":{"line":16,"column":2},"end":{"line":16,"column":null}},"type":"default-arg","locations":[{"start":{"line":16,"column":12},"end":{"line":16,"column":null}}],"line":16},"1":{"loc":{"start":{"line":18,"column":2},"end":{"line":18,"column":null}},"type":"default-arg","locations":[{"start":{"line":18,"column":13},"end":{"line":18,"column":null}}],"line":18},"2":{"loc":{"start":{"line":19,"column":2},"end":{"line":19,"column":null}},"type":"default-arg","locations":[{"start":{"line":19,"column":9},"end":{"line":19,"column":null}}],"line":19},"3":{"loc":{"start":{"line":21,"column":2},"end":{"line":21,"column":null}},"type":"default-arg","locations":[{"start":{"line":21,"column":14},"end":{"line":21,"column":null}}],"line":21},"4":{"loc":{"start":{"line":25,"column":20},"end":{"line":25,"column":null}},"type":"cond-expr","locations":[{"start":{"line":25,"column":27},"end":{"line":25,"column":43}},{"start":{"line":25,"column":43},"end":{"line":25,"column":null}}],"line":25}},"s":{"0":3,"1":110,"2":110,"3":110,"4":110,"5":110},"f":{"0":110},"b":{"0":[110],"1":[110],"2":[110],"3":[110],"4":[1,109]},"meta":{"lastBranch":5,"lastFunction":1,"lastStatement":6,"seen":{"s:14:38:38:Infinity":0,"f:14:38:14:39":0,"b:16:12:16:Infinity":0,"b:18:13:18:Infinity":1,"b:19:9:19:Infinity":2,"b:21:14:21:Infinity":3,"s:23:20:23:Infinity":1,"s:24:23:24:Infinity":2,"s:25:20:25:Infinity":3,"b:25:27:25:43:25:43:25:Infinity":4,"s:26:18:26:Infinity":4,"s:28:2:36:Infinity":5}}}
,"/home/vinicius/Downloads/estudo/projetos-testes/fullstack-junior-ia/web-ong/src/components/Card/index.tsx": {"path":"/home/vinicius/Downloads/estudo/projetos-testes/fullstack-junior-ia/web-ong/src/components/Card/index.tsx","statementMap":{"0":{"start":{"line":33,"column":4},"end":{"line":39,"column":null}},"1":{"start":{"line":34,"column":2},"end":{"line":37,"column":null}},"2":{"start":{"line":41,"column":46},"end":{"line":47,"column":null}},"3":{"start":{"line":42,"column":2},"end":{"line":45,"column":null}},"4":{"start":{"line":49,"column":42},"end":{"line":55,"column":null}},"5":{"start":{"line":50,"column":2},"end":{"line":53,"column":null}},"6":{"start":{"line":57,"column":44},"end":{"line":63,"column":null}},"7":{"start":{"line":58,"column":2},"end":{"line":61,"column":null}},"8":{"start":{"line":65,"column":42},"end":{"line":71,"column":null}},"9":{"start":{"line":66,"column":2},"end":{"line":69,"column":null}},"10":{"start":{"line":73,"column":0},"end":{"line":73,"column":null}},"11":{"start":{"line":74,"column":0},"end":{"line":74,"column":null}},"12":{"start":{"line":75,"column":0},"end":{"line":75,"column":null}},"13":{"start":{"line":76,"column":0},"end":{"line":76,"column":null}}},"fnMap":{"0":{"name":"(anonymous_0)","decl":{"start":{"line":33,"column":4},"end":{"line":33,"column":5}},"loc":{"start":{"line":33,"column":38},"end":{"line":39,"column":null}},"line":33},"1":{"name":"(anonymous_1)","decl":{"start":{"line":41,"column":46},"end":{"line":41,"column":47}},"loc":{"start":{"line":41,"column":80},"end":{"line":47,"column":null}},"line":41},"2":{"name":"(anonymous_2)","decl":{"start":{"line":49,"column":42},"end":{"line":49,"column":43}},"loc":{"start":{"line":49,"column":76},"end":{"line":55,"column":null}},"line":49},"3":{"name":"(anonymous_3)","decl":{"start":{"line":57,"column":44},"end":{"line":57,"column":45}},"loc":{"start":{"line":57,"column":78},"end":{"line":63,"column":null}},"line":57},"4":{"name":"(anonymous_4)","decl":{"start":{"line":65,"column":42},"end":{"line":65,"column":43}},"loc":{"start":{"line":65,"column":76},"end":{"line":71,"column":null}},"line":65}},"branchMap":{"0":{"loc":{"start":{"line":33,"column":17},"end":{"line":33,"column":32}},"type":"default-arg","locations":[{"start":{"line":33,"column":29},"end":{"line":33,"column":32}}],"line":33},"1":{"loc":{"start":{"line":41,"column":59},"end":{"line":41,"column":74}},"type":"default-arg","locations":[{"start":{"line":41,"column":71},"end":{"line":41,"column":74}}],"line":41},"2":{"loc":{"start":{"line":49,"column":55},"end":{"line":49,"column":70}},"type":"default-arg","locations":[{"start":{"line":49,"column":67},"end":{"line":49,"column":70}}],"line":49},"3":{"loc":{"start":{"line":57,"column":57},"end":{"line":57,"column":72}},"type":"default-arg","locations":[{"start":{"line":57,"column":69},"end":{"line":57,"column":72}}],"line":57},"4":{"loc":{"start":{"line":65,"column":55},"end":{"line":65,"column":70}},"type":"default-arg","locations":[{"start":{"line":65,"column":67},"end":{"line":65,"column":70}}],"line":65}},"s":{"0":2,"1":50,"2":2,"3":50,"4":2,"5":50,"6":2,"7":50,"8":2,"9":0,"10":2,"11":2,"12":2,"13":2},"f":{"0":50,"1":50,"2":50,"3":50,"4":0},"b":{"0":[50],"1":[50],"2":[50],"3":[50],"4":[0]},"meta":{"lastBranch":5,"lastFunction":5,"lastStatement":14,"seen":{"s:33:4:39:Infinity":0,"f:33:4:33:5":0,"b:33:29:33:32":0,"s:34:2:37:Infinity":1,"s:41:46:47:Infinity":2,"f:41:46:41:47":1,"b:41:71:41:74":1,"s:42:2:45:Infinity":3,"s:49:42:55:Infinity":4,"f:49:42:49:43":2,"b:49:67:49:70":2,"s:50:2:53:Infinity":5,"s:57:44:63:Infinity":6,"f:57:44:57:45":3,"b:57:69:57:72":3,"s:58:2:61:Infinity":7,"s:65:42:71:Infinity":8,"f:65:42:65:43":4,"b:65:67:65:70":4,"s:66:2:69:Infinity":9,"s:73:0:73:Infinity":10,"s:74:0:74:Infinity":11,"s:75:0:75:Infinity":12,"s:76:0:76:Infinity":13}}}
,"/home/vinicius/Downloads/estudo/projetos-testes/fullstack-junior-ia/web-ong/src/components/Header/index.scss": {"path":"/home/vinicius/Downloads/estudo/projetos-testes/fullstack-junior-ia/web-ong/src/components/Header/index.scss","statementMap":{},"fnMap":{},"branchMap":{},"s":{},"f":{},"b":{},"meta":{"lastBranch":0,"lastFunction":0,"lastStatement":0,"seen":{}}}
,"/home/vinicius/Downloads/estudo/projetos-testes/fullstack-junior-ia/web-ong/src/components/Header/index.tsx": {"path":"/home/vinicius/Downloads/estudo/projetos-testes/fullstack-junior-ia/web-ong/src/components/Header/index.tsx","statementMap":{"0":{"start":{"line":15,"column":38},"end":{"line":71,"column":null}},"1":{"start":{"line":23,"column":2},"end":{"line":69,"column":null}}},"fnMap":{"0":{"name":"(anonymous_0)","decl":{"start":{"line":15,"column":38},"end":{"line":15,"column":39}},"loc":{"start":{"line":22,"column":6},"end":{"line":71,"column":null}},"line":22}},"branchMap":{"0":{"loc":{"start":{"line":16,"column":2},"end":{"line":16,"column":null}},"type":"default-arg","locations":[{"start":{"line":16,"column":10},"end":{"line":16,"column":null}}],"line":16},"1":{"loc":{"start":{"line":17,"column":2},"end":{"line":17,"column":null}},"type":"default-arg","locations":[{"start":{"line":17,"column":13},"end":{"line":17,"column":null}}],"line":17},"2":{"loc":{"start":{"line":18,"column":2},"end":{"line":18,"column":null}},"type":"default-arg","locations":[{"start":{"line":18,"column":20},"end":{"line":18,"column":null}}],"line":18},"3":{"loc":{"start":{"line":49,"column":11},"end":{"line":65,"column":null}},"type":"binary-expr","locations":[{"start":{"line":49,"column":11},"end":{"line":49,"column":null}},{"start":{"line":50,"column":12},"end":{"line":65,"column":null}}],"line":49},"4":{"loc":{"start":{"line":51,"column":15},"end":{"line":63,"column":null}},"type":"cond-expr","locations":[{"start":{"line":52,"column":16},"end":{"line":59,"column":null}},{"start":{"line":61,"column":16},"end":{"line":63,"column":null}}],"line":51}},"s":{"0":2,"1":52},"f":{"0":52},"b":{"0":[52],"1":[52],"2":[52],"3":[52,2],"4":[2,0]},"meta":{"lastBranch":5,"lastFunction":1,"lastStatement":2,"seen":{"s:15:38:71:Infinity":0,"f:15:38:15:39":0,"b:16:10:16:Infinity":0,"b:17:13:17:Infinity":1,"b:18:20:18:Infinity":2,"s:23:2:69:Infinity":1,"b:49:11:49:Infinity:50:12:65:Infinity":3,"b:52:16:59:Infinity:61:16:63:Infinity":4}}}
,"/home/vinicius/Downloads/estudo/projetos-testes/fullstack-junior-ia/web-ong/src/contexts/AuthContext.tsx": {"path":"/home/vinicius/Downloads/estudo/projetos-testes/fullstack-junior-ia/web-ong/src/contexts/AuthContext.tsx","statementMap":{"0":{"start":{"line":18,"column":6},"end":{"line":18,"column":null}},"1":{"start":{"line":21,"column":23},"end":{"line":27,"column":null}},"2":{"start":{"line":22,"column":8},"end":{"line":22,"column":null}},"3":{"start":{"line":23,"column":2},"end":{"line":25,"column":null}},"4":{"start":{"line":24,"column":4},"end":{"line":24,"column":null}},"5":{"start":{"line":26,"column":2},"end":{"line":26,"column":null}},"6":{"start":{"line":33,"column":57},"end":{"line":53,"column":null}},"7":{"start":{"line":35,"column":37},"end":{"line":35,"column":null}},"8":{"start":{"line":36,"column":34},"end":{"line":36,"column":null}},"9":{"start":{"line":38,"column":16},"end":{"line":41,"column":null}},"10":{"start":{"line":39,"column":4},"end":{"line":39,"column":null}},"11":{"start":{"line":40,"column":4},"end":{"line":40,"column":null}},"12":{"start":{"line":43,"column":17},"end":{"line":46,"column":null}},"13":{"start":{"line":44,"column":4},"end":{"line":44,"column":null}},"14":{"start":{"line":45,"column":4},"end":{"line":45,"column":null}},"15":{"start":{"line":48,"column":2},"end":{"line":51,"column":null}}},"fnMap":{"0":{"name":"(anonymous_0)","decl":{"start":{"line":21,"column":23},"end":{"line":21,"column":29}},"loc":{"start":{"line":21,"column":29},"end":{"line":27,"column":null}},"line":21},"1":{"name":"(anonymous_1)","decl":{"start":{"line":33,"column":57},"end":{"line":33,"column":58}},"loc":{"start":{"line":33,"column":75},"end":{"line":53,"column":null}},"line":33},"2":{"name":"(anonymous_2)","decl":{"start":{"line":38,"column":16},"end":{"line":38,"column":17}},"loc":{"start":{"line":38,"column":53},"end":{"line":41,"column":null}},"line":38},"3":{"name":"(anonymous_3)","decl":{"start":{"line":43,"column":17},"end":{"line":43,"column":23}},"loc":{"start":{"line":43,"column":23},"end":{"line":46,"column":null}},"line":43}},"branchMap":{"0":{"loc":{"start":{"line":23,"column":2},"end":{"line":25,"column":null}},"type":"if","locations":[{"start":{"line":23,"column":2},"end":{"line":25,"column":null}},{"start":{},"end":{}}],"line":23}},"s":{"0":3,"1":3,"2":58,"3":58,"4":0,"5":58,"6":3,"7":8,"8":8,"9":8,"10":2,"11":2,"12":8,"13":1,"14":1,"15":8},"f":{"0":58,"1":8,"2":2,"3":1},"b":{"0":[0,58]},"meta":{"lastBranch":1,"lastFunction":4,"lastStatement":16,"seen":{"s:18:6:18:Infinity":0,"s:21:23:27:Infinity":1,"f:21:23:21:29":0,"s:22:8:22:Infinity":2,"b:23:2:25:Infinity:undefined:undefined:undefined:undefined":0,"s:23:2:25:Infinity":3,"s:24:4:24:Infinity":4,"s:26:2:26:Infinity":5,"s:33:57:53:Infinity":6,"f:33:57:33:58":1,"s:35:37:35:Infinity":7,"s:36:34:36:Infinity":8,"s:38:16:41:Infinity":9,"f:38:16:38:17":2,"s:39:4:39:Infinity":10,"s:40:4:40:Infinity":11,"s:43:17:46:Infinity":12,"f:43:17:43:23":3,"s:44:4:44:Infinity":13,"s:45:4:45:Infinity":14,"s:48:2:51:Infinity":15}}}
,"/home/vinicius/Downloads/estudo/projetos-testes/fullstack-junior-ia/web-ong/src/hooks/useLocalStorage.ts": {"path":"/home/vinicius/Downloads/estudo/projetos-testes/fullstack-junior-ia/web-ong/src/hooks/useLocalStorage.ts","statementMap":{"0":{"start":{"line":5,"column":31},"end":{"line":56,"column":null}},"1":{"start":{"line":7,"column":36},"end":{"line":15,"column":null}},"2":{"start":{"line":8,"column":4},"end":{"line":14,"column":null}},"3":{"start":{"line":9,"column":19},"end":{"line":9,"column":null}},"4":{"start":{"line":10,"column":6},"end":{"line":10,"column":null}},"5":{"start":{"line":12,"column":6},"end":{"line":12,"column":null}},"6":{"start":{"line":13,"column":6},"end":{"line":13,"column":null}},"7":{"start":{"line":18,"column":19},"end":{"line":27,"column":null}},"8":{"start":{"line":19,"column":4},"end":{"line":26,"column":null}},"9":{"start":{"line":21,"column":27},"end":{"line":21,"column":null}},"10":{"start":{"line":22,"column":6},"end":{"line":22,"column":null}},"11":{"start":{"line":23,"column":6},"end":{"line":23,"column":null}},"12":{"start":{"line":25,"column":6},"end":{"line":25,"column":null}},"13":{"start":{"line":30,"column":22},"end":{"line":37,"column":null}},"14":{"start":{"line":31,"column":4},"end":{"line":36,"column":null}},"15":{"start":{"line":32,"column":6},"end":{"line":32,"column":null}},"16":{"start":{"line":33,"column":6},"end":{"line":33,"column":null}},"17":{"start":{"line":35,"column":6},"end":{"line":35,"column":null}},"18":{"start":{"line":40,"column":2},"end":{"line":53,"column":null}},"19":{"start":{"line":41,"column":32},"end":{"line":49,"column":null}},"20":{"start":{"line":42,"column":6},"end":{"line":48,"column":null}},"21":{"start":{"line":43,"column":8},"end":{"line":47,"column":null}},"22":{"start":{"line":44,"column":10},"end":{"line":44,"column":null}},"23":{"start":{"line":46,"column":10},"end":{"line":46,"column":null}},"24":{"start":{"line":51,"column":4},"end":{"line":51,"column":null}},"25":{"start":{"line":52,"column":4},"end":{"line":52,"column":null}},"26":{"start":{"line":52,"column":17},"end":{"line":52,"column":null}},"27":{"start":{"line":55,"column":2},"end":{"line":55,"column":null}}},"fnMap":{"0":{"name":"(anonymous_0)","decl":{"start":{"line":5,"column":31},"end":{"line":5,"column":35}},"loc":{"start":{"line":5,"column":68},"end":{"line":56,"column":null}},"line":5},"1":{"name":"(anonymous_1)","decl":{"start":{"line":7,"column":52},"end":{"line":7,"column":58}},"loc":{"start":{"line":7,"column":58},"end":{"line":15,"column":3}},"line":7},"2":{"name":"(anonymous_2)","decl":{"start":{"line":18,"column":19},"end":{"line":18,"column":20}},"loc":{"start":{"line":18,"column":51},"end":{"line":27,"column":null}},"line":18},"3":{"name":"(anonymous_3)","decl":{"start":{"line":30,"column":22},"end":{"line":30,"column":28}},"loc":{"start":{"line":30,"column":28},"end":{"line":37,"column":null}},"line":30},"4":{"name":"(anonymous_4)","decl":{"start":{"line":40,"column":12},"end":{"line":40,"column":18}},"loc":{"start":{"line":40,"column":18},"end":{"line":53,"column":5}},"line":40},"5":{"name":"(anonymous_5)","decl":{"start":{"line":41,"column":32},"end":{"line":41,"column":33}},"loc":{"start":{"line":41,"column":53},"end":{"line":49,"column":null}},"line":41},"6":{"name":"(anonymous_6)","decl":{"start":{"line":52,"column":11},"end":{"line":52,"column":17}},"loc":{"start":{"line":52,"column":17},"end":{"line":52,"column":null}},"line":52}},"branchMap":{"0":{"loc":{"start":{"line":10,"column":13},"end":{"line":10,"column":null}},"type":"cond-expr","locations":[{"start":{"line":10,"column":20},"end":{"line":10,"column":39}},{"start":{"line":10,"column":39},"end":{"line":10,"column":null}}],"line":10},"1":{"loc":{"start":{"line":21,"column":27},"end":{"line":21,"column":null}},"type":"cond-expr","locations":[{"start":{"line":21,"column":55},"end":{"line":21,"column":76}},{"start":{"line":21,"column":76},"end":{"line":21,"column":null}}],"line":21},"2":{"loc":{"start":{"line":42,"column":6},"end":{"line":48,"column":null}},"type":"if","locations":[{"start":{"line":42,"column":6},"end":{"line":48,"column":null}},{"start":{},"end":{}}],"line":42},"3":{"loc":{"start":{"line":42,"column":10},"end":{"line":42,"column":48}},"type":"binary-expr","locations":[{"start":{"line":42,"column":10},"end":{"line":42,"column":27}},{"start":{"line":42,"column":27},"end":{"line":42,"column":48}}],"line":42}},"s":{"0":3,"1":16,"2":10,"3":10,"4":10,"5":0,"6":0,"7":16,"8":4,"9":4,"10":4,"11":4,"12":0,"13":16,"14":2,"15":2,"16":2,"17":0,"18":16,"19":10,"20":0,"21":0,"22":0,"23":0,"24":10,"25":10,"26":10,"27":16},"f":{"0":16,"1":10,"2":4,"3":2,"4":10,"5":0,"6":10},"b":{"0":[2,8],"1":[0,4],"2":[0,0],"3":[0,0]},"meta":{"lastBranch":4,"lastFunction":7,"lastStatement":28,"seen":{"s:5:31:56:Infinity":0,"f:5:31:5:35":0,"s:7:36:15:Infinity":1,"f:7:52:7:58":1,"s:8:4:14:Infinity":2,"s:9:19:9:Infinity":3,"s:10:6:10:Infinity":4,"b:10:20:10:39:10:39:10:Infinity":0,"s:12:6:12:Infinity":5,"s:13:6:13:Infinity":6,"s:18:19:27:Infinity":7,"f:18:19:18:20":2,"s:19:4:26:Infinity":8,"s:21:27:21:Infinity":9,"b:21:55:21:76:21:76:21:Infinity":1,"s:22:6:22:Infinity":10,"s:23:6:23:Infinity":11,"s:25:6:25:Infinity":12,"s:30:22:37:Infinity":13,"f:30:22:30:28":3,"s:31:4:36:Infinity":14,"s:32:6:32:Infinity":15,"s:33:6:33:Infinity":16,"s:35:6:35:Infinity":17,"s:40:2:53:Infinity":18,"f:40:12:40:18":4,"s:41:32:49:Infinity":19,"f:41:32:41:33":5,"b:42:6:48:Infinity:undefined:undefined:undefined:undefined":2,"s:42:6:48:Infinity":20,"b:42:10:42:27:42:27:42:48":3,"s:43:8:47:Infinity":21,"s:44:10:44:Infinity":22,"s:46:10:46:Infinity":23,"s:51:4:51:Infinity":24,"s:52:4:52:Infinity":25,"f:52:11:52:17":6,"s:52:17:52:Infinity":26,"s:55:2:55:Infinity":27}}}
,"/home/vinicius/Downloads/estudo/projetos-testes/fullstack-junior-ia/web-ong/src/pages/OngDashboard.tsx": {"path":"/home/vinicius/Downloads/estudo/projetos-testes/fullstack-junior-ia/web-ong/src/pages/OngDashboard.tsx","statementMap":{"0":{"start":{"line":3,"column":31},"end":{"line":10,"column":null}},"1":{"start":{"line":4,"column":2},"end":{"line":8,"column":null}}},"fnMap":{"0":{"name":"(anonymous_0)","decl":{"start":{"line":3,"column":31},"end":{"line":3,"column":37}},"loc":{"start":{"line":3,"column":37},"end":{"line":10,"column":null}},"line":3}},"branchMap":{},"s":{"0":2,"1":2},"f":{"0":2},"b":{},"meta":{"lastBranch":0,"lastFunction":1,"lastStatement":2,"seen":{"s:3:31:10:Infinity":0,"f:3:31:3:37":0,"s:4:2:8:Infinity":1}}}
,"/home/vinicius/Downloads/estudo/projetos-testes/fullstack-junior-ia/web-ong/src/pages/Login/index.tsx": {"path":"/home/vinicius/Downloads/estudo/projetos-testes/fullstack-junior-ia/web-ong/src/pages/Login/index.tsx","statementMap":{"0":{"start":{"line":9,"column":24},"end":{"line":80,"column":null}},"1":{"start":{"line":10,"column":24},"end":{"line":10,"column":null}},"2":{"start":{"line":11,"column":30},"end":{"line":11,"column":null}},"3":{"start":{"line":12,"column":24},"end":{"line":12,"column":null}},"4":{"start":{"line":13,"column":16},"end":{"line":13,"column":null}},"5":{"start":{"line":14,"column":8},"end":{"line":14,"column":null}},"6":{"start":{"line":16,"column":23},"end":{"line":26,"column":null}},"7":{"start":{"line":17,"column":4},"end":{"line":17,"column":null}},"8":{"start":{"line":18,"column":4},"end":{"line":25,"column":null}},"9":{"start":{"line":19,"column":23},"end":{"line":19,"column":null}},"10":{"start":{"line":20,"column":30},"end":{"line":20,"column":null}},"11":{"start":{"line":21,"column":6},"end":{"line":21,"column":null}},"12":{"start":{"line":22,"column":6},"end":{"line":22,"column":null}},"13":{"start":{"line":24,"column":6},"end":{"line":24,"column":null}},"14":{"start":{"line":28,"column":2},"end":{"line":78,"column":null}},"15":{"start":{"line":47,"column":39},"end":{"line":47,"column":null}},"16":{"start":{"line":58,"column":39},"end":{"line":58,"column":null}},"17":{"start":{"line":67,"column":37},"end":{"line":67,"column":null}}},"fnMap":{"0":{"name":"(anonymous_0)","decl":{"start":{"line":9,"column":24},"end":{"line":9,"column":30}},"loc":{"start":{"line":9,"column":30},"end":{"line":80,"column":null}},"line":9},"1":{"name":"(anonymous_1)","decl":{"start":{"line":16,"column":23},"end":{"line":16,"column":30}},"loc":{"start":{"line":16,"column":53},"end":{"line":26,"column":null}},"line":16},"2":{"name":"(anonymous_2)","decl":{"start":{"line":47,"column":32},"end":{"line":47,"column":33}},"loc":{"start":{"line":47,"column":39},"end":{"line":47,"column":null}},"line":47},"3":{"name":"(anonymous_3)","decl":{"start":{"line":58,"column":32},"end":{"line":58,"column":33}},"loc":{"start":{"line":58,"column":39},"end":{"line":58,"column":null}},"line":58},"4":{"name":"(anonymous_4)","decl":{"start":{"line":67,"column":31},"end":{"line":67,"column":37}},"loc":{"start":{"line":67,"column":37},"end":{"line":67,"column":null}},"line":67}},"branchMap":{"0":{"loc":{"start":{"line":62,"column":19},"end":{"line":62,"column":null}},"type":"binary-expr","locations":[{"start":{"line":62,"column":19},"end":{"line":62,"column":28}},{"start":{"line":62,"column":28},"end":{"line":62,"column":null}}],"line":62}},"s":{"0":2,"1":50,"2":50,"3":50,"4":50,"5":50,"6":50,"7":2,"8":2,"9":2,"10":1,"11":1,"12":1,"13":1,"14":50,"15":34,"16":11,"17":0},"f":{"0":50,"1":2,"2":34,"3":11,"4":0},"b":{"0":[50,1]},"meta":{"lastBranch":1,"lastFunction":5,"lastStatement":18,"seen":{"s:9:24:80:Infinity":0,"f:9:24:9:30":0,"s:10:24:10:Infinity":1,"s:11:30:11:Infinity":2,"s:12:24:12:Infinity":3,"s:13:16:13:Infinity":4,"s:14:8:14:Infinity":5,"s:16:23:26:Infinity":6,"f:16:23:16:30":1,"s:17:4:17:Infinity":7,"s:18:4:25:Infinity":8,"s:19:23:19:Infinity":9,"s:20:30:20:Infinity":10,"s:21:6:21:Infinity":11,"s:22:6:22:Infinity":12,"s:24:6:24:Infinity":13,"s:28:2:78:Infinity":14,"f:47:32:47:33":2,"s:47:39:47:Infinity":15,"f:58:32:58:33":3,"s:58:39:58:Infinity":16,"b:62:19:62:28:62:28:62:Infinity":0,"f:67:31:67:37":4,"s:67:37:67:Infinity":17}}}
,"/home/vinicius/Downloads/estudo/projetos-testes/fullstack-junior-ia/web-ong/src/test/utils.tsx": {"path":"/home/vinicius/Downloads/estudo/projetos-testes/fullstack-junior-ia/web-ong/src/test/utils.tsx","statementMap":{"0":{"start":{"line":18,"column":2},"end":{"line":22,"column":null}},"1":{"start":{"line":20,"column":4},"end":{"line":20,"column":null}},"2":{"start":{"line":21,"column":4},"end":{"line":21,"column":null}},"3":{"start":{"line":24,"column":18},"end":{"line":27,"column":null}},"4":{"start":{"line":25,"column":4},"end":{"line":27,"column":null}},"5":{"start":{"line":29,"column":2},"end":{"line":29,"column":null}}},"fnMap":{"0":{"name":"renderWithProviders","decl":{"start":{"line":14,"column":16},"end":{"line":14,"column":null}},"loc":{"start":{"line":17,"column":2},"end":{"line":30,"column":null}},"line":17},"1":{"name":"(anonymous_1)","decl":{"start":{"line":24,"column":18},"end":{"line":24,"column":19}},"loc":{"start":{"line":25,"column":4},"end":{"line":27,"column":null}},"line":25}},"branchMap":{"0":{"loc":{"start":{"line":16,"column":2},"end":{"line":16,"column":null}},"type":"default-arg","locations":[{"start":{"line":16,"column":51},"end":{"line":16,"column":null}}],"line":16},"1":{"loc":{"start":{"line":16,"column":4},"end":{"line":16,"column":17}},"type":"default-arg","locations":[{"start":{"line":16,"column":12},"end":{"line":16,"column":17}}],"line":16},"2":{"loc":{"start":{"line":16,"column":17},"end":{"line":16,"column":32}},"type":"default-arg","locations":[{"start":{"line":16,"column":27},"end":{"line":16,"column":32}}],"line":16},"3":{"loc":{"start":{"line":18,"column":2},"end":{"line":22,"column":null}},"type":"if","locations":[{"start":{"line":18,"column":2},"end":{"line":22,"column":null}},{"start":{},"end":{}}],"line":18}},"s":{"0":4,"1":1,"2":1,"3":4,"4":4,"5":4},"f":{"0":4,"1":4},"b":{"0":[4],"1":[4],"2":[4],"3":[1,3]},"meta":{"lastBranch":4,"lastFunction":2,"lastStatement":6,"seen":{"f:14:16:14:Infinity":0,"b:16:51:16:Infinity":0,"b:16:12:16:17":1,"b:16:27:16:32":2,"b:18:2:22:Infinity:undefined:undefined:undefined:undefined":3,"s:18:2:22:Infinity":0,"s:20:4:20:Infinity":1,"s:21:4:21:Infinity":2,"s:24:18:27:Infinity":3,"f:24:18:24:19":1,"s:25:4:27:Infinity":4,"s:29:2:29:Infinity":5}}}
}
